C:\USERS\JAKE\DESKTOP\TUMBLE TRACKER VERSIONS\WEB CAM DEMO PROJECTS\WEB CAM BLOG\SOURCE RELEASE\WEBCAMLIB\BIN\RELEASE\.NETFRAMEWORK,VERSION=V4.0.ASSEMBLYATTRIBUTES.OBJ
C:\Users\jake\Desktop\Tumble Tracker Versions\Web Cam Demo Projects\Web Cam Blog\source release\WebCamLib\bin\Release\cl.command.1.tlog
C:\Users\jake\Desktop\Tumble Tracker Versions\Web Cam Demo Projects\Web Cam Blog\source release\WebCamLib\bin\Release\CL.read.1.tlog
C:\Users\jake\Desktop\Tumble Tracker Versions\Web Cam Demo Projects\Web Cam Blog\source release\WebCamLib\bin\Release\CL.write.1.tlog
C:\Users\jake\Desktop\Tumble Tracker Versions\Web Cam Demo Projects\Web Cam Blog\source release\WebCamLib\bin\Release\link.command.1.tlog
C:\Users\jake\Desktop\Tumble Tracker Versions\Web Cam Demo Projects\Web Cam Blog\source release\WebCamLib\bin\Release\link.read.1.tlog
C:\Users\jake\Desktop\Tumble Tracker Versions\Web Cam Demo Projects\Web Cam Blog\source release\WebCamLib\bin\Release\link.write.1.tlog
C:\Users\jake\Desktop\Tumble Tracker Versions\Web Cam Demo Projects\Web Cam Blog\source release\WebCamLib\bin\Release\metagen.read.1.tlog
C:\Users\jake\Desktop\Tumble Tracker Versions\Web Cam Demo Projects\Web Cam Blog\source release\WebCamLib\bin\Release\metagen.write.1.tlog
C:\Users\jake\Desktop\Tumble Tracker Versions\Web Cam Demo Projects\Web Cam Blog\source release\WebCamLib\bin\Release\mt.command.1.tlog
C:\Users\jake\Desktop\Tumble Tracker Versions\Web Cam Demo Projects\Web Cam Blog\source release\WebCamLib\bin\Release\mt.read.1.tlog
C:\Users\jake\Desktop\Tumble Tracker Versions\Web Cam Demo Projects\Web Cam Blog\source release\WebCamLib\bin\Release\mt.write.1.tlog
C:\Users\jake\Desktop\Tumble Tracker Versions\Web Cam Demo Projects\Web Cam Blog\source release\WebCamLib\bin\Release\RSAENH.DLL.bi
C:\Users\jake\Desktop\Tumble Tracker Versions\Web Cam Demo Projects\Web Cam Blog\source release\WebCamLib\bin\Release\TZRES.DLL.bi
C:\USERS\JAKE\DESKTOP\TUMBLE TRACKER VERSIONS\WEB CAM DEMO PROJECTS\WEB CAM BLOG\SOURCE RELEASE\WEBCAMLIB\BIN\RELEASE\VC100.PDB
C:\USERS\JAKE\DESKTOP\TUMBLE TRACKER VERSIONS\WEB CAM DEMO PROJECTS\WEB CAM BLOG\SOURCE RELEASE\WEBCAMLIB\BIN\RELEASE\WEBCAMLIB.DLL
C:\USERS\JAKE\DESKTOP\TUMBLE TRACKER VERSIONS\WEB CAM DEMO PROJECTS\WEB CAM BLOG\SOURCE RELEASE\WEBCAMLIB\BIN\RELEASE\WEBCAMLIB.DLL.INTERMEDIATE.MANIFEST
C:\Users\jake\Desktop\Tumble Tracker Versions\Web Cam Demo Projects\Web Cam Blog\source release\WebCamLib\bin\Release\WebCamLib.dll.metagen
C:\USERS\JAKE\DESKTOP\TUMBLE TRACKER VERSIONS\WEB CAM DEMO PROJECTS\WEB CAM BLOG\SOURCE RELEASE\WEBCAMLIB\BIN\RELEASE\WEBCAMLIB.OBJ
C:\USERS\JAKE\DESKTOP\TUMBLE TRACKER VERSIONS\WEB CAM DEMO PROJECTS\WEB CAM BLOG\SOURCE RELEASE\WEBCAMLIB\BIN\RELEASE\WEBCAMLIB.PDB
C:\Users\jake\Desktop\Tumble Tracker Versions\Web Cam Demo Projects\Web Cam Blog\source release\WebCamLib\bin\Release\WebCamLib.write.1.tlog
